# JRE version: OpenJDK Runtime Environment (8.0_112-b06) (build 1.8.0_112-release-b06)
# Java VM: OpenJDK 64-Bit Server VM (25.112-b06 mixed mode windows-amd64 compressed oops)
Heap:
 PSYoungGen      total 116224K, used 56620K [0x00000000e0000000, 0x00000000ec100000, 0x0000000100000000)
  eden space 105472K, 53% used [0x00000000e0000000,0x00000000e374b050,0x00000000e6700000)
  from space 10752K, 0% used [0x00000000e6700000,0x00000000e6700000,0x00000000e7180000)
  to   space 12288K, 0% used [0x00000000eb500000,0x00000000eb500000,0x00000000ec100000)
 ParOldGen       total 86016K, used 17764K [0x00000000a0000000, 0x00000000a5400000, 0x00000000e0000000)
  object space 86016K, 20% used [0x00000000a0000000,0x00000000a1159140,0x00000000a5400000)
 Metaspace       used 37669K, capacity 38430K, committed 38784K, reserved 1083392K
  class space    used 5013K, capacity 5236K, committed 5248K, reserved 1048576K
GC Heap History (10 events):
Event: 13.911 GC heap before
{Heap before GC invocations=5 (full 1):
 PSYoungGen      total 71680K, used 5097K [0x00000000e0000000, 0x00000000e4b00000, 0x0000000100000000)
  eden space 66560K, 0% used [0x00000000e0000000,0x00000000e0000000,0x00000000e4100000)
  from space 5120K, 99% used [0x00000000e4600000,0x00000000e4afa630,0x00000000e4b00000)
  to   space 5120K, 0% used [0x00000000e4100000,0x00000000e4100000,0x00000000e4600000)
 ParOldGen       total 87552K, used 8596K [0x00000000a0000000, 0x00000000a5580000, 0x00000000e0000000)
  object space 87552K, 9% used [0x00000000a0000000,0x00000000a08652b0,0x00000000a5580000)
 Metaspace       used 20815K, capacity 21096K, committed 21296K, reserved 1067008K
  class space    used 2759K, capacity 2869K, committed 2944K, reserved 1048576K
Event: 14.045 GC heap after
Heap after GC invocations=5 (full 1):
 PSYoungGen      total 71680K, used 0K [0x00000000e0000000, 0x00000000e4b00000, 0x0000000100000000)
  eden space 66560K, 0% used [0x00000000e0000000,0x00000000e0000000,0x00000000e4100000)
  from space 5120K, 0% used [0x00000000e4600000,0x00000000e4600000,0x00000000e4b00000)
  to   space 5120K, 0% used [0x00000000e4100000,0x00000000e4100000,0x00000000e4600000)
 ParOldGen       total 58880K, used 9347K [0x00000000a0000000, 0x00000000a3980000, 0x00000000e0000000)
  object space 58880K, 15% used [0x00000000a0000000,0x00000000a0920e00,0x00000000a3980000)
 Metaspace       used 20815K, capacity 21096K, committed 21296K, reserved 1067008K
  class space    used 2759K, capacity 2869K, committed 2944K, reserved 1048576K
}
Event: 16.667 GC heap before
{Heap before GC invocations=6 (full 1):
 PSYoungGen      total 71680K, used 66560K [0x00000000e0000000, 0x00000000e4b00000, 0x0000000100000000)
  eden space 66560K, 100% used [0x00000000e0000000,0x00000000e4100000,0x00000000e4100000)
  from space 5120K, 0% used [0x00000000e4600000,0x00000000e4600000,0x00000000e4b00000)
  to   space 5120K, 0% used [0x00000000e4100000,0x00000000e4100000,0x00000000e4600000)
 ParOldGen       total 58880K, used 9347K [0x00000000a0000000, 0x00000000a3980000, 0x00000000e0000000)
  object space 58880K, 15% used [0x00000000a0000000,0x00000000a0920e00,0x00000000a3980000)
 Metaspace       used 26136K, capacity 26492K, committed 26752K, reserved 1073152K
  class space    used 3585K, capacity 3697K, committed 3712K, reserved 1048576K
Event: 16.682 GC heap after
Heap after GC invocations=6 (full 1):
 PSYoungGen      total 71680K, used 5108K [0x00000000e0000000, 0x00000000e7f80000, 0x0000000100000000)
  eden space 66560K, 0% used [0x00000000e0000000,0x00000000e0000000,0x00000000e4100000)
  from space 5120K, 99% used [0x00000000e4100000,0x00000000e45fd378,0x00000000e4600000)
  to   space 10752K, 0% used [0x00000000e7500000,0x00000000e7500000,0x00000000e7f80000)
 ParOldGen       total 58880K, used 12256K [0x00000000a0000000, 0x00000000a3980000, 0x00000000e0000000)
  object space 58880K, 20% used [0x00000000a0000000,0x00000000a0bf8148,0x00000000a3980000)
 Metaspace       used 26136K, capacity 26492K, committed 26752K, reserved 1073152K
  class space    used 3585K, capacity 3697K, committed 3712K, reserved 1048576K
}
Event: 21.013 GC heap before
{Heap before GC invocations=7 (full 1):
 PSYoungGen      total 71680K, used 71668K [0x00000000e0000000, 0x00000000e7f80000, 0x0000000100000000)
  eden space 66560K, 100% used [0x00000000e0000000,0x00000000e4100000,0x00000000e4100000)
  from space 5120K, 99% used [0x00000000e4100000,0x00000000e45fd378,0x00000000e4600000)
  to   space 10752K, 0% used [0x00000000e7500000,0x00000000e7500000,0x00000000e7f80000)
 ParOldGen       total 58880K, used 12256K [0x00000000a0000000, 0x00000000a3980000, 0x00000000e0000000)
  object space 58880K, 20% used [0x00000000a0000000,0x00000000a0bf8148,0x00000000a3980000)
 Metaspace       used 29566K, capacity 29938K, committed 30336K, reserved 1075200K
  class space    used 3999K, capacity 4119K, committed 4224K, reserved 1048576K
Event: 21.023 GC heap after
Heap after GC invocations=7 (full 1):
 PSYoungGen      total 112640K, used 6623K [0x00000000e0000000, 0x00000000e7c00000, 0x0000000100000000)
  eden space 105472K, 0% used [0x00000000e0000000,0x00000000e0000000,0x00000000e6700000)
  from space 7168K, 92% used [0x00000000e7500000,0x00000000e7b77ea8,0x00000000e7c00000)
  to   space 10752K, 0% used [0x00000000e6700000,0x00000000e6700000,0x00000000e7180000)
 ParOldGen       total 58880K, used 12328K [0x00000000a0000000, 0x00000000a3980000, 0x00000000e0000000)
  object space 58880K, 20% used [0x00000000a0000000,0x00000000a0c0a158,0x00000000a3980000)
 Metaspace       used 29566K, capacity 29938K, committed 30336K, reserved 1075200K
  class space    used 3999K, capacity 4119K, committed 4224K, reserved 1048576K
}
Event: 21.776 GC heap before
{Heap before GC invocations=8 (full 1):
 PSYoungGen      total 112640K, used 75359K [0x00000000e0000000, 0x00000000e7c00000, 0x0000000100000000)
  eden space 105472K, 65% used [0x00000000e0000000,0x00000000e431fe18,0x00000000e6700000)
  from space 7168K, 92% used [0x00000000e7500000,0x00000000e7b77ea8,0x00000000e7c00000)
  to   space 10752K, 0% used [0x00000000e6700000,0x00000000e6700000,0x00000000e7180000)
 ParOldGen       total 58880K, used 12328K [0x00000000a0000000, 0x00000000a3980000, 0x00000000e0000000)
  object space 58880K, 20% used [0x00000000a0000000,0x00000000a0c0a158,0x00000000a3980000)
 Metaspace       used 34728K, capacity 35346K, committed 35496K, reserved 1079296K
  class space    used 4628K, capacity 4819K, committed 4864K, reserved 1048576K
Event: 21.798 GC heap after
Heap after GC invocations=8 (full 1):
 PSYoungGen      total 116224K, used 10722K [0x00000000e0000000, 0x00000000ec100000, 0x0000000100000000)
  eden space 105472K, 0% used [0x00000000e0000000,0x00000000e0000000,0x00000000e6700000)
  from space 10752K, 99% used [0x00000000e6700000,0x00000000e7178940,0x00000000e7180000)
  to   space 12288K, 0% used [0x00000000eb500000,0x00000000eb500000,0x00000000ec100000)
 ParOldGen       total 58880K, used 12903K [0x00000000a0000000, 0x00000000a3980000, 0x00000000e0000000)
  object space 58880K, 21% used [0x00000000a0000000,0x00000000a0c99f30,0x00000000a3980000)
 Metaspace       used 34728K, capacity 35346K, committed 35496K, reserved 1079296K
  class space    used 4628K, capacity 4819K, committed 4864K, reserved 1048576K
}
Event: 21.798 GC heap before
{Heap before GC invocations=9 (full 2):
 PSYoungGen      total 116224K, used 10722K [0x00000000e0000000, 0x00000000ec100000, 0x0000000100000000)
  eden space 105472K, 0% used [0x00000000e0000000,0x00000000e0000000,0x00000000e6700000)
  from space 10752K, 99% used [0x00000000e6700000,0x00000000e7178940,0x00000000e7180000)
  to   space 12288K, 0% used [0x00000000eb500000,0x00000000eb500000,0x00000000ec100000)
 ParOldGen       total 58880K, used 12903K [0x00000000a0000000, 0x00000000a3980000, 0x00000000e0000000)
  object space 58880K, 21% used [0x00000000a0000000,0x00000000a0c99f30,0x00000000a3980000)
 Metaspace       used 34728K, capacity 35346K, committed 35496K, reserved 1079296K
  class space    used 4628K, capacity 4819K, committed 4864K, reserved 1048576K
Event: 21.924 GC heap after
Heap after GC invocations=9 (full 2):
 PSYoungGen      total 116224K, used 0K [0x00000000e0000000, 0x00000000ec100000, 0x0000000100000000)
  eden space 105472K, 0% used [0x00000000e0000000,0x00000000e0000000,0x00000000e6700000)
  from space 10752K, 0% used [0x00000000e6700000,0x00000000e6700000,0x00000000e7180000)
  to   space 12288K, 0% used [0x00000000eb500000,0x00000000eb500000,0x00000000ec100000)
 ParOldGen       total 86016K, used 17764K [0x00000000a0000000, 0x00000000a5400000, 0x00000000e0000000)
  object space 86016K, 20% used [0x00000000a0000000,0x00000000a1159140,0x00000000a5400000)
 Metaspace       used 34728K, capacity 35346K, committed 35496K, reserved 1079296K
  class space    used 4628K, capacity 4819K, committed 4864K, reserved 1048576K
}

